objc[80229]: Class AXEmojiUtilities is implemented in both /Applications/Xcode.app/Contents/Developer/Platforms/iPhoneSimulator.platform/Developer/SDKs/iPhoneSimulator7.1.sdk/System/Library/PrivateFrameworks/AccessibilityUtilities.framework/AccessibilityUtilities and /Applications/Xcode.app/Contents/Developer/Platforms/iPhoneSimulator.platform/Developer/SDKs/iPhoneSimulator7.1.sdk/usr/lib/libAXSpeechManager.dylib. One of the two will be used. Which one is undefined.
2014-04-13 22:48:37.792 HelloCordova[80229:70b] Cannot find executable for CFBundle 0xa465060 </Applications/Xcode.app/Contents/Developer/Platforms/iPhoneSimulator.platform/Developer/SDKs/iPhoneSimulator7.1.sdk/System/Library/AccessibilityBundles/CertUIFramework.axbundle> (not loaded)
2014-04-13 22:48:37.809 HelloCordova[80229:70b] Cannot find executable for CFBundle 0xa6a2060 </Applications/Xcode.app/Contents/Developer/Platforms/iPhoneSimulator.platform/Developer/SDKs/iPhoneSimulator7.1.sdk/System/Library/AccessibilityBundles/GeoServices.axbundle> (not loaded)
2014-04-13 22:48:37.962 HelloCordova[80229:70b] Multi-tasking -> Device: YES, App: YES
2014-04-13 22:48:38.071 HelloCordova[80229:70b] Unlimited access to network resources
2014-04-13 22:48:39.659 HelloCordova[80229:70b] [CDVTimer][statusbar] 393.588006ms
2014-04-13 22:48:39.660 HelloCordova[80229:70b] [CDVTimer][TotalPluginStartup] 394.253969ms
2014-04-13 22:48:40.406 HelloCordova[80229:70b] Resetting plugins due to page load.
2014-04-13 22:48:41.359 HelloCordova[80229:70b] Finished load of: file:///Users/mhoresh/Library/Application%20Support/iPhone%20Simulator/7.1/Applications/BC7EACDB-D2B7-49C3-A4B8-1C9FBBB4A343/HelloCordova.app/www/index.html#/tab/dash
objc[81137]: Class AXEmojiUtilities is implemented in both /Applications/Xcode.app/Contents/Developer/Platforms/iPhoneSimulator.platform/Developer/SDKs/iPhoneSimulator7.1.sdk/System/Library/PrivateFrameworks/AccessibilityUtilities.framework/AccessibilityUtilities and /Applications/Xcode.app/Contents/Developer/Platforms/iPhoneSimulator.platform/Developer/SDKs/iPhoneSimulator7.1.sdk/usr/lib/libAXSpeechManager.dylib. One of the two will be used. Which one is undefined.
2014-04-13 23:25:12.557 HelloCordova[81137:70b] Cannot find executable for CFBundle 0xa49bfb0 </Applications/Xcode.app/Contents/Developer/Platforms/iPhoneSimulator.platform/Developer/SDKs/iPhoneSimulator7.1.sdk/System/Library/AccessibilityBundles/GeoServices.axbundle> (not loaded)
2014-04-13 23:25:12.562 HelloCordova[81137:70b] Cannot find executable for CFBundle 0xb875730 </Applications/Xcode.app/Contents/Developer/Platforms/iPhoneSimulator.platform/Developer/SDKs/iPhoneSimulator7.1.sdk/System/Library/AccessibilityBundles/CertUIFramework.axbundle> (not loaded)
2014-04-13 23:25:12.655 HelloCordova[81137:70b] Multi-tasking -> Device: YES, App: YES
2014-04-13 23:25:12.692 HelloCordova[81137:70b] Unlimited access to network resources
2014-04-13 23:25:12.795 HelloCordova[81137:70b] [CDVTimer][statusbar] 65.058053ms
2014-04-13 23:25:12.796 HelloCordova[81137:70b] [CDVTimer][TotalPluginStartup] 65.542996ms
2014-04-13 23:25:12.889 HelloCordova[81137:70b] Resetting plugins due to page load.
2014-04-13 23:25:13.639 HelloCordova[81137:70b] Finished load of: file:///Users/mhoresh/Library/Application%20Support/iPhone%20Simulator/7.1/Applications/BC7EACDB-D2B7-49C3-A4B8-1C9FBBB4A343/HelloCordova.app/www/index.html#/tab/status
objc[82187]: Class AXEmojiUtilities is implemented in both /Applications/Xcode.app/Contents/Developer/Platforms/iPhoneSimulator.platform/Developer/SDKs/iPhoneSimulator7.1.sdk/System/Library/PrivateFrameworks/AccessibilityUtilities.framework/AccessibilityUtilities and /Applications/Xcode.app/Contents/Developer/Platforms/iPhoneSimulator.platform/Developer/SDKs/iPhoneSimulator7.1.sdk/usr/lib/libAXSpeechManager.dylib. One of the two will be used. Which one is undefined.
2014-04-14 00:18:38.680 HelloCordova[82187:70b] Cannot find executable for CFBundle 0xa36bcb0 </Applications/Xcode.app/Contents/Developer/Platforms/iPhoneSimulator.platform/Developer/SDKs/iPhoneSimulator7.1.sdk/System/Library/AccessibilityBundles/GeoServices.axbundle> (not loaded)
2014-04-14 00:18:38.813 HelloCordova[82187:70b] Cannot find executable for CFBundle 0xa5a88f0 </Applications/Xcode.app/Contents/Developer/Platforms/iPhoneSimulator.platform/Developer/SDKs/iPhoneSimulator7.1.sdk/System/Library/AccessibilityBundles/CertUIFramework.axbundle> (not loaded)
2014-04-14 00:18:40.103 HelloCordova[82187:70b] Multi-tasking -> Device: YES, App: YES
2014-04-14 00:18:41.214 HelloCordova[82187:70b] Unlimited access to network resources
2014-04-14 00:18:53.718 HelloCordova[82187:70b] [CDVTimer][statusbar] 3203.552008ms
2014-04-14 00:18:53.744 HelloCordova[82187:70b] [CDVTimer][TotalPluginStartup] 3229.364991ms
2014-04-14 00:18:57.709 HelloCordova[82187:70b] Resetting plugins due to page load.
2014-04-14 00:19:05.638 HelloCordova[82187:70b] Finished load of: file:///Users/mhoresh/Library/Application%20Support/iPhone%20Simulator/7.1/Applications/BC7EACDB-D2B7-49C3-A4B8-1C9FBBB4A343/HelloCordova.app/www/index.html#/tab/status
2014-04-14 00:19:06.044 HelloCordova[82187:70b] THREAD WARNING: ['StatusBar'] took '20.844971' ms. Plugin should use a background thread.
objc[1221]: Class AXEmojiUtilities is implemented in both /Applications/Xcode.app/Contents/Developer/Platforms/iPhoneSimulator.platform/Developer/SDKs/iPhoneSimulator7.1.sdk/System/Library/PrivateFrameworks/AccessibilityUtilities.framework/AccessibilityUtilities and /Applications/Xcode.app/Contents/Developer/Platforms/iPhoneSimulator.platform/Developer/SDKs/iPhoneSimulator7.1.sdk/usr/lib/libAXSpeechManager.dylib. One of the two will be used. Which one is undefined.
2014-04-14 00:44:36.978 HelloCordova[1221:70b] Cannot find executable for CFBundle 0xa512b60 </Applications/Xcode.app/Contents/Developer/Platforms/iPhoneSimulator.platform/Developer/SDKs/iPhoneSimulator7.1.sdk/System/Library/AccessibilityBundles/GeoServices.axbundle> (not loaded)
2014-04-14 00:44:36.995 HelloCordova[1221:70b] Cannot find executable for CFBundle 0xa7355d0 </Applications/Xcode.app/Contents/Developer/Platforms/iPhoneSimulator.platform/Developer/SDKs/iPhoneSimulator7.1.sdk/System/Library/AccessibilityBundles/CertUIFramework.axbundle> (not loaded)
2014-04-14 00:44:37.091 HelloCordova[1221:70b] Multi-tasking -> Device: YES, App: YES
2014-04-14 00:44:37.393 HelloCordova[1221:70b] Unlimited access to network resources
2014-04-14 00:44:44.271 HelloCordova[1221:70b] [CDVTimer][statusbar] 2073.715985ms
2014-04-14 00:44:44.272 HelloCordova[1221:70b] [CDVTimer][TotalPluginStartup] 2074.428976ms
2014-04-14 00:44:44.682 HelloCordova[1221:70b] Resetting plugins due to page load.
2014-04-14 00:44:46.816 HelloCordova[1221:70b] Finished load of: file:///Users/mhoresh/Library/Application%20Support/iPhone%20Simulator/7.1/Applications/BC7EACDB-D2B7-49C3-A4B8-1C9FBBB4A343/HelloCordova.app/www/index.html#/tab/status
